<?xml version="1.0" encoding="UTF-8"?>
<!-- Generated by org.testng.reporters.JUnitXMLReporter -->
<testsuite hostname="ZolonTech_Dell" ignored="0" name="ILAB.Automation_Test" tests="3" failures="0" timestamp="09 May 2019 12:26:55 GMT" time="847.271" errors="0">
  <testcase name="open_Menu" time="278.162" classname="ILAB.Automation_Test.ILAB_EnglishVersion"/>
  <testcase name="open_Menu" time="278.864" classname="ILAB.Automation_Test.ILAB_SpanishVersion"/>
  <testcase name="open_Menu" time="279.706" classname="ILAB.Automation_Test.ILAB_FrenchVersion"/>
</testsuite> <!-- ILAB.Automation_Test -->
