<?xml version="1.0" encoding="UTF-8"?>
<!-- Generated by org.testng.reporters.JUnitXMLReporter -->
<testsuite hostname="ZolonTech_Dell" ignored="0" name="ILAB.Automation_Test" tests="3" failures="0" timestamp="30 May 2019 18:18:21 GMT" time="878.373" errors="0">
  <testcase name="open_Menu" time="289.654" classname="ILAB.Automation_Test.ILAB_EnglishVersion"/>
  <testcase name="open_Menu" time="289.714" classname="ILAB.Automation_Test.ILAB_SpanishVersion"/>
  <testcase name="open_Menu" time="289.073" classname="ILAB.Automation_Test.ILAB_FrenchVersion"/>
</testsuite> <!-- ILAB.Automation_Test -->
